<?xml version="1.0" encoding="UTF-8"?>
<testng-results skipped="0" failed="0" ignored="0" total="2" passed="2">
  <reporter-output>
  </reporter-output>
  <suite name="Default Suite" duration-ms="2412" started-at="2018-08-23T03:25:03Z" finished-at="2018-08-23T03:25:06Z">
    <groups>
    </groups>
    <test name="testBJZ" duration-ms="2412" started-at="2018-08-23T03:25:03Z" finished-at="2018-08-23T03:25:06Z">
      <class name="APITest.bzjAPITest">
        <test-method status="PASS" signature="test1()[pri:0, instance:APITest.bzjAPITest@47f6473]" name="test1" duration-ms="2373" started-at="2018-08-23T03:25:03Z" finished-at="2018-08-23T03:25:06Z">
          <reporter-output>
          </reporter-output>
        </test-method> <!-- test1 -->
        <test-method status="PASS" signature="test2()[pri:0, instance:APITest.bzjAPITest@47f6473]" name="test2" duration-ms="0" started-at="2018-08-23T03:25:06Z" finished-at="2018-08-23T03:25:06Z">
          <reporter-output>
          </reporter-output>
        </test-method> <!-- test2 -->
      </class> <!-- APITest.bzjAPITest -->
    </test> <!-- testBJZ -->
  </suite> <!-- Default Suite -->
</testng-results>
