<?xml version="1.0" encoding="UTF-8"?>
<testng-results skipped="0" failed="0" ignored="0" total="1" passed="1">
  <reporter-output>
  </reporter-output>
  <suite name="Default Suite" duration-ms="2467" started-at="2018-08-23T01:34:47Z" finished-at="2018-08-23T01:34:50Z">
    <groups>
    </groups>
    <test name="testBJZ" duration-ms="2467" started-at="2018-08-23T01:34:47Z" finished-at="2018-08-23T01:34:50Z">
      <class name="APITest.bzjAPITest">
        <test-method status="PASS" signature="test1()[pri:0, instance:APITest.bzjAPITest@15975490]" name="test1" duration-ms="2413" started-at="2018-08-23T01:34:47Z" finished-at="2018-08-23T01:34:50Z">
          <reporter-output>
          </reporter-output>
        </test-method> <!-- test1 -->
      </class> <!-- APITest.bzjAPITest -->
    </test> <!-- testBJZ -->
  </suite> <!-- Default Suite -->
</testng-results>
